<?xml version="1.0" encoding="UTF-8"?>
<!-- Generated by org.testng.reporters.JUnitReportReporter -->
<testsuite hostname="TABLET-MFSEJGSN" failures="0" tests="4" name="com.testscenario.TestNGDataProvider" time="26.747" errors="0" timestamp="2023-12-14T13:28:19 CST" skipped="0">
  <testcase classname="com.testscenario.TestNGDataProvider" name="f" time="6.446"/>
  <testcase classname="com.testscenario.TestNGDataProvider" name="f" time="6.740"/>
  <testcase classname="com.testscenario.TestNGDataProvider" name="f" time="6.710"/>
  <testcase classname="com.testscenario.TestNGDataProvider" name="f" time="6.851"/>
</testsuite> <!-- com.testscenario.TestNGDataProvider -->
