<?xml version="1.0" encoding="UTF-8"?>
<!-- Generated by org.testng.reporters.JUnitReportReporter -->
<testsuite hostname="TABLET-MFSEJGSN" failures="0" tests="2" name="com.testscenario.Annotation1" time="0.008" errors="0" timestamp="2023-11-22T16:35:19 CST" skipped="0">
  <testcase classname="com.testscenario.Annotation1" name="cde" time="0.002"/>
  <testcase classname="com.testscenario.Annotation1" name="abc" time="0.006"/>
</testsuite> <!-- com.testscenario.Annotation1 -->
