<?xml version="1.0" encoding="UTF-8"?>
<!-- Generated by org.testng.reporters.JUnitReportReporter -->
<testsuite hostname="TABLET-MFSEJGSN" failures="0" tests="1" name="com.testscenario.ShearCircle_scrollDown" time="3.714" errors="0" timestamp="2023-12-04T17:05:00 CST" skipped="0">
  <testcase classname="com.testscenario.ShearCircle_scrollDown" name="Oneok_login" time="3.714"/>
</testsuite> <!-- com.testscenario.ShearCircle_scrollDown -->
