<?xml version="1.0" encoding="UTF-8"?>
<!-- Generated by org.testng.reporters.JUnitReportReporter -->
<testsuite hostname="TABLET-MFSEJGSN" failures="0" tests="1" name="com.testscenario.MisScroll" time="6.603" errors="0" timestamp="2023-12-05T18:41:09 CST" skipped="0">
  <testcase classname="com.testscenario.MisScroll" name="Fb_login" time="6.603"/>
</testsuite> <!-- com.testscenario.MisScroll -->
