<?xml version="1.0" encoding="UTF-8"?>
<!-- Generated by org.testng.reporters.JUnitReportReporter -->
<testsuite hostname="TABLET-MFSEJGSN" failures="0" tests="2" name="com.testscenario.Annotation2" time="0.016" errors="0" timestamp="2023-11-22T16:37:55 CST" skipped="0">
  <testcase classname="com.testscenario.Annotation2" name="first" time="0.013"/>
  <testcase classname="com.testscenario.Annotation2" name="last" time="0.003"/>
</testsuite> <!-- com.testscenario.Annotation2 -->
