<?xml version="1.0" encoding="UTF-8"?>
<!-- Generated by org.testng.reporters.JUnitReportReporter -->
<testsuite hostname="TABLET-MFSEJGSN" failures="0" tests="1" name="com.testscenario.ShearCircle_scrollDown" time="7.816" errors="0" timestamp="2023-12-05T17:40:02 CST" skipped="0">
  <testcase classname="com.testscenario.ShearCircle_scrollDown" name="Oneok_login" time="7.816"/>
</testsuite> <!-- com.testscenario.ShearCircle_scrollDown -->
