<?xml version="1.0" encoding="UTF-8"?>
<!-- Generated by org.testng.reporters.JUnitReportReporter -->
<testsuite hostname="TABLET-MFSEJGSN" failures="0" tests="2" name="com.testscenario.FB_Login" time="7.388" errors="0" timestamp="2023-12-04T14:12:00 CST" skipped="0">
  <testcase classname="com.testscenario.FB_Login" name="google_login" time="5.492"/>
  <testcase classname="com.testscenario.FB_Login" name="Fb_login" time="1.896"/>
</testsuite> <!-- com.testscenario.FB_Login -->
