<?xml version="1.0" encoding="UTF-8"?>
<!-- Generated by org.testng.reporters.JUnitReportReporter -->
<testsuite hostname="TABLET-MFSEJGSN" failures="0" tests="2" name="com.testscenario.FB_Login" time="6.654" errors="0" timestamp="2023-11-28T17:44:22 CST" skipped="0">
  <testcase classname="com.testscenario.FB_Login" name="Fb_login" time="3.811"/>
  <testcase classname="com.testscenario.FB_Login" name="google_login" time="2.843"/>
</testsuite> <!-- com.testscenario.FB_Login -->
