<?xml version="1.0" encoding="UTF-8"?>
<!-- Generated by org.testng.reporters.JUnitReportReporter -->
<testsuite hostname="TABLET-MFSEJGSN" failures="0" tests="2" name="com.testscenario.FB_Login" time="4.588" errors="0" timestamp="2023-11-29T15:09:37 CST" skipped="0">
  <testcase classname="com.testscenario.FB_Login" name="Fb_login" time="3.037"/>
  <testcase classname="com.testscenario.FB_Login" name="google_login" time="1.551"/>
</testsuite> <!-- com.testscenario.FB_Login -->
