<?xml version="1.0" encoding="UTF-8"?>
<!-- Generated by org.testng.reporters.JUnitReportReporter -->
<testsuite hostname="TABLET-MFSEJGSN" failures="0" tests="4" name="com.testscenario.Priorities" time="0.012" errors="0" timestamp="2023-11-22T16:53:35 CST" skipped="0">
  <testcase classname="com.testscenario.Priorities" name="first" time="0.008"/>
  <testcase classname="com.testscenario.Priorities" name="second" time="0.001"/>
  <testcase classname="com.testscenario.Priorities" name="third" time="0.002"/>
  <testcase classname="com.testscenario.Priorities" name="fourth" time="0.001"/>
</testsuite> <!-- com.testscenario.Priorities -->
