<?xml version="1.0" encoding="UTF-8"?>
<!-- Generated by org.testng.reporters.JUnitReportReporter -->
<testsuite hostname="TABLET-MFSEJGSN" failures="0" tests="1" name="com.testscenario.ClassTemplate" time="0.004" errors="0" timestamp="2023-11-22T16:28:09 CST" skipped="0">
  <testcase classname="com.testscenario.ClassTemplate" name="f" time="0.004"/>
</testsuite> <!-- com.testscenario.ClassTemplate -->
